<?xml version="1.0" encoding="UTF-8"?>
<!-- Generated by org.testng.reporters.JUnitReportReporter -->
<testsuite hostname="Ss-MacBook-Pro.local" failures="0" tests="2" name="shoppingsite.SearchingNegativetestcase" time="43.540" errors="0" timestamp="2025-12-05T21:30:02 IST" skipped="0">
  <testcase classname="shoppingsite.SearchingNegativetestcase" name="login" time="5.150"/>
  <testcase classname="shoppingsite.SearchingNegativetestcase" name="search" time="38.390"/>
</testsuite> <!-- shoppingsite.SearchingNegativetestcase -->
